<?xml version="1.0" encoding="UTF-8"?>
<!-- Generated by org.testng.reporters.JUnitReportReporter -->
<testsuite skipped="0" hostname="DESKTOP-B1AQU68" name="com.parallelecexution.B" tests="3" failures="0" timestamp="19 Dec 2020 11:53:19 GMT" time="0.026" errors="0">
  <testcase name="tc12" time="0.002" classname="com.parallelecexution.B"/>
  <testcase name="tc11" time="0.018" classname="com.parallelecexution.B"/>
  <testcase name="tc13" time="0.006" classname="com.parallelecexution.B"/>
</testsuite> <!-- com.parallelecexution.B -->
